C:\USERS\1\DOCUMENTS\VISUAL STUDIO 2012\PROJECTS\VJLINK_V_STRANE_DUDOSEROV\Проект12\DEBUG\GAMES.OBJ
C:\USERS\1\DOCUMENTS\VISUAL STUDIO 2012\PROJECTS\VJLINK_V_STRANE_DUDOSEROV\Проект12\DEBUG\TINYSTR.OBJ
C:\USERS\1\DOCUMENTS\VISUAL STUDIO 2012\PROJECTS\VJLINK_V_STRANE_DUDOSEROV\Проект12\DEBUG\TINYXML.OBJ
C:\USERS\1\DOCUMENTS\VISUAL STUDIO 2012\PROJECTS\VJLINK_V_STRANE_DUDOSEROV\Проект12\DEBUG\TINYXMLERROR.OBJ
C:\USERS\1\DOCUMENTS\VISUAL STUDIO 2012\PROJECTS\VJLINK_V_STRANE_DUDOSEROV\Проект12\DEBUG\TINYXMLPARSER.OBJ
C:\USERS\1\DOCUMENTS\VISUAL STUDIO 2012\PROJECTS\VJLINK_V_STRANE_DUDOSEROV\ПРОЕКТ12\DEBUG\VC110.PDB
C:\USERS\1\DOCUMENTS\VISUAL STUDIO 2012\PROJECTS\VJLINK_V_STRANE_DUDOSEROV\DEBUG\Проект12.ILK
C:\USERS\1\DOCUMENTS\VISUAL STUDIO 2012\PROJECTS\VJLINK_V_STRANE_DUDOSEROV\DEBUG\Проект12.EXE
C:\USERS\1\DOCUMENTS\VISUAL STUDIO 2012\PROJECTS\VJLINK_V_STRANE_DUDOSEROV\DEBUG\ПРОЕКТ12.PDB
C:\Users\1\Documents\Visual Studio 2012\Projects\VjLink_V_Strane_Dudoserov\Проект12\Debug\Games.obj
C:\Users\1\Documents\Visual Studio 2012\Projects\VjLink_V_Strane_Dudoserov\Проект12\Debug\tinystr.obj
C:\Users\1\Documents\Visual Studio 2012\Projects\VjLink_V_Strane_Dudoserov\Проект12\Debug\tinyxml.obj
C:\Users\1\Documents\Visual Studio 2012\Projects\VjLink_V_Strane_Dudoserov\Проект12\Debug\tinyxmlerror.obj
C:\Users\1\Documents\Visual Studio 2012\Projects\VjLink_V_Strane_Dudoserov\Проект12\Debug\tinyxmlparser.obj
C:\Users\1\Documents\Visual Studio 2012\Projects\VjLink_V_Strane_Dudoserov\Проект12\Debug\cl.command.1.tlog
C:\Users\1\Documents\Visual Studio 2012\Projects\VjLink_V_Strane_Dudoserov\Проект12\Debug\CL.read.1.tlog
C:\Users\1\Documents\Visual Studio 2012\Projects\VjLink_V_Strane_Dudoserov\Проект12\Debug\CL.write.1.tlog
C:\Users\1\Documents\Visual Studio 2012\Projects\VjLink_V_Strane_Dudoserov\Проект12\Debug\link-cvtres.read.1.tlog
C:\Users\1\Documents\Visual Studio 2012\Projects\VjLink_V_Strane_Dudoserov\Проект12\Debug\link-cvtres.write.1.tlog
C:\Users\1\Documents\Visual Studio 2012\Projects\VjLink_V_Strane_Dudoserov\Проект12\Debug\link-rc.read.1.tlog
C:\Users\1\Documents\Visual Studio 2012\Projects\VjLink_V_Strane_Dudoserov\Проект12\Debug\link-rc.write.1.tlog
C:\Users\1\Documents\Visual Studio 2012\Projects\VjLink_V_Strane_Dudoserov\Проект12\Debug\link.2496-cvtres.read.1.tlog
C:\Users\1\Documents\Visual Studio 2012\Projects\VjLink_V_Strane_Dudoserov\Проект12\Debug\link.2496-cvtres.write.1.tlog
C:\Users\1\Documents\Visual Studio 2012\Projects\VjLink_V_Strane_Dudoserov\Проект12\Debug\link.2496-rc.read.1.tlog
C:\Users\1\Documents\Visual Studio 2012\Projects\VjLink_V_Strane_Dudoserov\Проект12\Debug\link.2496-rc.write.1.tlog
C:\Users\1\Documents\Visual Studio 2012\Projects\VjLink_V_Strane_Dudoserov\Проект12\Debug\link.2496.read.1.tlog
C:\Users\1\Documents\Visual Studio 2012\Projects\VjLink_V_Strane_Dudoserov\Проект12\Debug\link.2496.write.1.tlog
C:\Users\1\Documents\Visual Studio 2012\Projects\VjLink_V_Strane_Dudoserov\Проект12\Debug\link.276-cvtres.read.1.tlog
C:\Users\1\Documents\Visual Studio 2012\Projects\VjLink_V_Strane_Dudoserov\Проект12\Debug\link.276-cvtres.write.1.tlog
C:\Users\1\Documents\Visual Studio 2012\Projects\VjLink_V_Strane_Dudoserov\Проект12\Debug\link.276-rc.read.1.tlog
C:\Users\1\Documents\Visual Studio 2012\Projects\VjLink_V_Strane_Dudoserov\Проект12\Debug\link.276-rc.write.1.tlog
C:\Users\1\Documents\Visual Studio 2012\Projects\VjLink_V_Strane_Dudoserov\Проект12\Debug\link.276.read.1.tlog
C:\Users\1\Documents\Visual Studio 2012\Projects\VjLink_V_Strane_Dudoserov\Проект12\Debug\link.276.write.1.tlog
C:\Users\1\Documents\Visual Studio 2012\Projects\VjLink_V_Strane_Dudoserov\Проект12\Debug\link.3176-cvtres.read.1.tlog
C:\Users\1\Documents\Visual Studio 2012\Projects\VjLink_V_Strane_Dudoserov\Проект12\Debug\link.3176-cvtres.write.1.tlog
C:\Users\1\Documents\Visual Studio 2012\Projects\VjLink_V_Strane_Dudoserov\Проект12\Debug\link.3176-rc.read.1.tlog
C:\Users\1\Documents\Visual Studio 2012\Projects\VjLink_V_Strane_Dudoserov\Проект12\Debug\link.3176-rc.write.1.tlog
C:\Users\1\Documents\Visual Studio 2012\Projects\VjLink_V_Strane_Dudoserov\Проект12\Debug\link.3176.read.1.tlog
C:\Users\1\Documents\Visual Studio 2012\Projects\VjLink_V_Strane_Dudoserov\Проект12\Debug\link.3176.write.1.tlog
C:\Users\1\Documents\Visual Studio 2012\Projects\VjLink_V_Strane_Dudoserov\Проект12\Debug\link.3760-cvtres.read.1.tlog
C:\Users\1\Documents\Visual Studio 2012\Projects\VjLink_V_Strane_Dudoserov\Проект12\Debug\link.3760-cvtres.write.1.tlog
C:\Users\1\Documents\Visual Studio 2012\Projects\VjLink_V_Strane_Dudoserov\Проект12\Debug\link.3760-rc.read.1.tlog
C:\Users\1\Documents\Visual Studio 2012\Projects\VjLink_V_Strane_Dudoserov\Проект12\Debug\link.3760-rc.write.1.tlog
C:\Users\1\Documents\Visual Studio 2012\Projects\VjLink_V_Strane_Dudoserov\Проект12\Debug\link.3760.read.1.tlog
C:\Users\1\Documents\Visual Studio 2012\Projects\VjLink_V_Strane_Dudoserov\Проект12\Debug\link.3760.write.1.tlog
C:\Users\1\Documents\Visual Studio 2012\Projects\VjLink_V_Strane_Dudoserov\Проект12\Debug\link.5980-cvtres.read.1.tlog
C:\Users\1\Documents\Visual Studio 2012\Projects\VjLink_V_Strane_Dudoserov\Проект12\Debug\link.5980-cvtres.write.1.tlog
C:\Users\1\Documents\Visual Studio 2012\Projects\VjLink_V_Strane_Dudoserov\Проект12\Debug\link.5980-rc.read.1.tlog
C:\Users\1\Documents\Visual Studio 2012\Projects\VjLink_V_Strane_Dudoserov\Проект12\Debug\link.5980-rc.write.1.tlog
C:\Users\1\Documents\Visual Studio 2012\Projects\VjLink_V_Strane_Dudoserov\Проект12\Debug\link.5980.read.1.tlog
C:\Users\1\Documents\Visual Studio 2012\Projects\VjLink_V_Strane_Dudoserov\Проект12\Debug\link.5980.write.1.tlog
C:\Users\1\Documents\Visual Studio 2012\Projects\VjLink_V_Strane_Dudoserov\Проект12\Debug\link.6064-cvtres.read.1.tlog
C:\Users\1\Documents\Visual Studio 2012\Projects\VjLink_V_Strane_Dudoserov\Проект12\Debug\link.6064-cvtres.write.1.tlog
C:\Users\1\Documents\Visual Studio 2012\Projects\VjLink_V_Strane_Dudoserov\Проект12\Debug\link.6064-rc.read.1.tlog
C:\Users\1\Documents\Visual Studio 2012\Projects\VjLink_V_Strane_Dudoserov\Проект12\Debug\link.6064-rc.write.1.tlog
C:\Users\1\Documents\Visual Studio 2012\Projects\VjLink_V_Strane_Dudoserov\Проект12\Debug\link.6064.read.1.tlog
C:\Users\1\Documents\Visual Studio 2012\Projects\VjLink_V_Strane_Dudoserov\Проект12\Debug\link.6064.write.1.tlog
C:\Users\1\Documents\Visual Studio 2012\Projects\VjLink_V_Strane_Dudoserov\Проект12\Debug\link.6248-cvtres.read.1.tlog
C:\Users\1\Documents\Visual Studio 2012\Projects\VjLink_V_Strane_Dudoserov\Проект12\Debug\link.6248-cvtres.write.1.tlog
C:\Users\1\Documents\Visual Studio 2012\Projects\VjLink_V_Strane_Dudoserov\Проект12\Debug\link.6248-rc.read.1.tlog
C:\Users\1\Documents\Visual Studio 2012\Projects\VjLink_V_Strane_Dudoserov\Проект12\Debug\link.6248-rc.write.1.tlog
C:\Users\1\Documents\Visual Studio 2012\Projects\VjLink_V_Strane_Dudoserov\Проект12\Debug\link.6248.read.1.tlog
C:\Users\1\Documents\Visual Studio 2012\Projects\VjLink_V_Strane_Dudoserov\Проект12\Debug\link.6248.write.1.tlog
C:\Users\1\Documents\Visual Studio 2012\Projects\VjLink_V_Strane_Dudoserov\Проект12\Debug\link.6916-cvtres.read.1.tlog
C:\Users\1\Documents\Visual Studio 2012\Projects\VjLink_V_Strane_Dudoserov\Проект12\Debug\link.6916-cvtres.write.1.tlog
C:\Users\1\Documents\Visual Studio 2012\Projects\VjLink_V_Strane_Dudoserov\Проект12\Debug\link.6916-rc.read.1.tlog
C:\Users\1\Documents\Visual Studio 2012\Projects\VjLink_V_Strane_Dudoserov\Проект12\Debug\link.6916-rc.write.1.tlog
C:\Users\1\Documents\Visual Studio 2012\Projects\VjLink_V_Strane_Dudoserov\Проект12\Debug\link.6916.read.1.tlog
C:\Users\1\Documents\Visual Studio 2012\Projects\VjLink_V_Strane_Dudoserov\Проект12\Debug\link.6916.write.1.tlog
C:\Users\1\Documents\Visual Studio 2012\Projects\VjLink_V_Strane_Dudoserov\Проект12\Debug\link.command.1.tlog
C:\Users\1\Documents\Visual Studio 2012\Projects\VjLink_V_Strane_Dudoserov\Проект12\Debug\link.read.1.tlog
C:\Users\1\Documents\Visual Studio 2012\Projects\VjLink_V_Strane_Dudoserov\Проект12\Debug\link.write.1.tlog
C:\Users\1\Documents\Visual Studio 2012\Projects\VjLink_V_Strane_Dudoserov\Проект12\Debug\vc110.idb
C:\Users\1\Documents\Visual Studio 2012\Projects\VjLink_V_Strane_Dudoserov\Проект12\Debug\vc110.pdb
C:\Users\1\Documents\Visual Studio 2012\Projects\VjLink_V_Strane_Dudoserov\Debug\Проект12.pdb
C:\Users\1\Documents\Visual Studio 2012\Projects\VjLink_V_Strane_Dudoserov\Debug\Проект12.exe
C:\Users\1\Documents\Visual Studio 2012\Projects\VjLink_V_Strane_Dudoserov\Debug\Проект12.ilk
